yarn run v1.22.22
$ turbo run test
â€¢ turbo 2.7.4
â€¢ Packages in scope: @blend65/compiler
â€¢ Running test in 1 packages
â€¢ Remote caching disabled
@blend65/compiler:build: cache hit, replaying logs 596252ab70637cd6
@blend65/compiler:build: 
@blend65/compiler:build: [2K[1G[1myarn run v1.22.22[22m
@blend65/compiler:build: [2K[1G[33mwarning[39m package.json: No license field
@blend65/compiler:build: [2K[1G[2m$ tsc[22m
@blend65/compiler:build: [2K[1Gâœ¨  Done in 4.54s.
@blend65/compiler:test: cache miss, executing fa37808d19866ead
@blend65/compiler:test: yarn run v1.22.22
@blend65/compiler:test: warning package.json: No license field
@blend65/compiler:test: $ vitest run --sequence.concurrent=false --maxConcurrency=1
@blend65/compiler:test: [33mTesting types with tsc and vue-tsc is an experimental feature.
@blend65/compiler:test: Breaking changes might not follow SemVer, please pin Vitest's version when using it.[39m
@blend65/compiler:test: 
@blend65/compiler:test: === VITEST RESULTS ===
@blend65/compiler:test: 
@blend65/compiler:test: FAILURES:
@blend65/compiler:test: [1] src/__tests__/semantic/analyzer-integration.test.ts > Semantic Analyzer Integration > Full Pipeline Integration > simple program runs all passes successfully
@blend65/compiler:test:     expected [ { code: 'S002', â€¦(3) } ] to have a length of +0 but got 1
@blend65/compiler:test: 
@blend65/compiler:test: [2] src/__tests__/semantic/import-validation.test.ts > Import Validation - Export Status > should allow importing exported symbols
@blend65/compiler:test:     expected [ { code: 'S002', â€¦(3) }, â€¦(1) ] to have a length of +0 but got 2
@blend65/compiler:test: 
@blend65/compiler:test: [3] src/__tests__/semantic/import-validation.test.ts > Import Validation - Export Status > should allow importing exported function
@blend65/compiler:test:     expected [ { code: 'S002', â€¦(3) } ] to have a length of +0 but got 1
@blend65/compiler:test: 
@blend65/compiler:test: [4] src/__tests__/semantic/import-validation.test.ts > Import Validation - Missing Symbols > should allow importing existing exported symbols
@blend65/compiler:test:     expected [ { code: 'S002', â€¦(3) }, â€¦(3) ] to have a length of +0 but got 4
@blend65/compiler:test: 
@blend65/compiler:test: [5] src/__tests__/semantic/import-validation.test.ts > Import Validation - Regression Tests > should still allow valid cross-module type propagation
@blend65/compiler:test:     expected [ { code: 'S002', â€¦(3) } ] to have a length of +0 but got 1
@blend65/compiler:test: 
@blend65/compiler:test: [6] src/__tests__/semantic/module-analysis-ordering.test.ts > Task 6.2.2: Module Analysis Ordering > Per-Module Results Collection > should collect diagnostics per module
@blend65/compiler:test:     expected [ { code: 'S002', â€¦(3) } ] to have a length of +0 but got 1
@blend65/compiler:test: 
@blend65/compiler:test: [7] src/__tests__/semantic/module-analysis-ordering.test.ts > Task 6.2.2: Module Analysis Ordering > Backward Compatibility > should maintain single-module analyze() method
@blend65/compiler:test:     expected [ { code: 'S002', â€¦(3) } ] to have a length of +0 but got 1
@blend65/compiler:test: 
@blend65/compiler:test: SUMMARY:
@blend65/compiler:test: âœ“ Passed:  1433
@blend65/compiler:test: âœ— Failed:  7
@blend65/compiler:test: âŠ˜ Skipped: 0
@blend65/compiler:test: â”â”â”â”â”â”â”â”â”â”â”â”â”â”â”â”
@blend65/compiler:test: Total: 1440 tests
@blend65/compiler:test: 
@blend65/compiler:test: error Command failed with exit code 1.
@blend65/compiler:test: info Visit https://yarnpkg.com/en/docs/cli/run for documentation about this command.
@blend65/compiler:test: ERROR: command finished with error: command (/Users/gevik/workdir/blend65/packages/compiler) /var/folders/9k/5rrf4r0d7fnb8c_vmfmbkrvw0000gn/T/yarn--1768635986672-0.5815673185942916/yarn run test exited (1)
@blend65/compiler#test: command (/Users/gevik/workdir/blend65/packages/compiler) /var/folders/9k/5rrf4r0d7fnb8c_vmfmbkrvw0000gn/T/yarn--1768635986672-0.5815673185942916/yarn run test exited (1)

 Tasks:    1 successful, 2 total
Cached:    1 cached, 2 total
  Time:    7.713s 
Failed:    @blend65/compiler#test

 ERROR  run failed: command  exited (1)
error Command failed with exit code 1.
info Visit https://yarnpkg.com/en/docs/cli/run for documentation about this command.
